mode: set
github.com/kevin-vargas/galaxy/internal/usecase/finder/finder.go:13.20,15.2 1 1
github.com/kevin-vargas/galaxy/internal/usecase/finder/finder.go:16.58,17.43 1 1
github.com/kevin-vargas/galaxy/internal/usecase/finder/finder.go:20.2,21.26 2 1
github.com/kevin-vargas/galaxy/internal/usecase/finder/finder.go:17.43,19.3 1 1
github.com/kevin-vargas/galaxy/internal/usecase/finder/finder.go:24.79,26.15 2 1
github.com/kevin-vargas/galaxy/internal/usecase/finder/finder.go:29.2,30.15 2 1
github.com/kevin-vargas/galaxy/internal/usecase/finder/finder.go:33.2,33.87 1 1
github.com/kevin-vargas/galaxy/internal/usecase/finder/finder.go:42.2,42.47 1 1
github.com/kevin-vargas/galaxy/internal/usecase/finder/finder.go:26.15,28.3 1 0
github.com/kevin-vargas/galaxy/internal/usecase/finder/finder.go:30.15,32.3 1 0
github.com/kevin-vargas/galaxy/internal/usecase/finder/finder.go:33.87,35.29 2 1
github.com/kevin-vargas/galaxy/internal/usecase/finder/finder.go:40.3,40.17 1 1
github.com/kevin-vargas/galaxy/internal/usecase/finder/finder.go:35.29,36.30 1 1
github.com/kevin-vargas/galaxy/internal/usecase/finder/finder.go:36.30,38.5 1 1
github.com/kevin-vargas/galaxy/internal/entity/satellites.go:10.49,12.29 2 0
github.com/kevin-vargas/galaxy/internal/entity/satellites.go:15.2,15.18 1 0
github.com/kevin-vargas/galaxy/internal/entity/satellites.go:12.29,14.3 1 0
github.com/kevin-vargas/galaxy/internal/entity/satellites.go:18.47,20.29 2 0
github.com/kevin-vargas/galaxy/internal/entity/satellites.go:23.2,23.17 1 0
github.com/kevin-vargas/galaxy/internal/entity/satellites.go:20.29,22.3 1 0
github.com/kevin-vargas/galaxy/internal/entity/circle.go:10.55,15.2 1 0
github.com/kevin-vargas/galaxy/internal/entity/circle.go:17.53,50.2 14 1
github.com/kevin-vargas/galaxy/internal/entity/message.go:19.53,24.33 2 1
github.com/kevin-vargas/galaxy/internal/entity/message.go:27.2,27.12 1 1
github.com/kevin-vargas/galaxy/internal/entity/message.go:24.33,26.3 1 0
github.com/kevin-vargas/galaxy/internal/entity/message.go:30.43,33.32 3 1
github.com/kevin-vargas/galaxy/internal/entity/message.go:46.2,46.25 1 1
github.com/kevin-vargas/galaxy/internal/entity/message.go:33.32,35.17 2 1
github.com/kevin-vargas/galaxy/internal/entity/message.go:38.3,39.19 2 1
github.com/kevin-vargas/galaxy/internal/entity/message.go:42.3,42.17 1 1
github.com/kevin-vargas/galaxy/internal/entity/message.go:35.17,37.4 1 1
github.com/kevin-vargas/galaxy/internal/entity/message.go:39.19,41.4 1 1
github.com/kevin-vargas/galaxy/internal/entity/message.go:42.17,44.4 1 0
github.com/kevin-vargas/galaxy/internal/entity/message.go:49.56,50.27 1 1
github.com/kevin-vargas/galaxy/internal/entity/message.go:60.2,60.15 1 1
github.com/kevin-vargas/galaxy/internal/entity/message.go:50.27,52.18 2 1
github.com/kevin-vargas/galaxy/internal/entity/message.go:56.3,56.32 1 1
github.com/kevin-vargas/galaxy/internal/entity/message.go:52.18,54.12 2 1
github.com/kevin-vargas/galaxy/internal/entity/message.go:56.32,58.4 1 0
github.com/kevin-vargas/galaxy/internal/entity/point.go:14.36,19.2 1 1
github.com/kevin-vargas/galaxy/internal/entity/point.go:21.48,23.2 1 1
github.com/kevin-vargas/galaxy/internal/entity/point.go:25.48,30.2 1 1
github.com/kevin-vargas/galaxy/internal/entity/point.go:32.42,37.2 1 1
github.com/kevin-vargas/galaxy/internal/entity/point.go:39.55,44.2 1 1
github.com/kevin-vargas/galaxy/internal/entity/point.go:46.42,48.2 1 1
github.com/kevin-vargas/galaxy/internal/entity/satellite.go:8.53,13.2 1 0
github.com/kevin-vargas/galaxy/infra/ctx/ctx.go:17.37,19.2 1 1
github.com/kevin-vargas/galaxy/infra/ctx/ctx.go:21.53,24.2 2 1
github.com/kevin-vargas/galaxy/infra/ctx/ctx.go:26.58,29.2 2 0
github.com/kevin-vargas/galaxy/infra/ctx/ctx.go:33.46,34.51 1 0
github.com/kevin-vargas/galaxy/infra/ctx/ctx.go:34.51,35.25 1 0
github.com/kevin-vargas/galaxy/infra/ctx/ctx.go:38.3,38.13 1 0
github.com/kevin-vargas/galaxy/infra/ctx/ctx.go:35.25,37.4 1 0
github.com/kevin-vargas/galaxy/infra/ctx/ctx.go:42.99,44.14 2 1
github.com/kevin-vargas/galaxy/infra/ctx/ctx.go:48.2,48.33 1 1
github.com/kevin-vargas/galaxy/infra/ctx/ctx.go:52.2,52.12 1 1
github.com/kevin-vargas/galaxy/infra/ctx/ctx.go:44.14,46.3 1 1
github.com/kevin-vargas/galaxy/infra/ctx/ctx.go:48.33,50.3 1 0
github.com/kevin-vargas/galaxy/infra/middleware/middleware.go:10.56,11.71 1 1
github.com/kevin-vargas/galaxy/infra/middleware/middleware.go:11.71,16.17 3 1
github.com/kevin-vargas/galaxy/infra/middleware/middleware.go:32.3,35.23 3 1
github.com/kevin-vargas/galaxy/infra/middleware/middleware.go:16.17,17.31 1 0
github.com/kevin-vargas/galaxy/infra/middleware/middleware.go:17.31,24.5 3 0
github.com/kevin-vargas/galaxy/infra/middleware/middleware.go:24.10,27.5 2 0
github.com/kevin-vargas/galaxy/infra/middleware/middleware.go:28.9,30.4 1 1
github.com/kevin-vargas/galaxy/internal/controller/v1/errors.go:7.48,12.2 1 1
github.com/kevin-vargas/galaxy/internal/controller/v1/errors.go:26.61,31.2 1 1
github.com/kevin-vargas/galaxy/internal/controller/v1/errors.go:33.49,38.2 1 1
github.com/kevin-vargas/galaxy/internal/controller/v1/errors.go:40.53,45.2 1 0
github.com/kevin-vargas/galaxy/internal/controller/v1/errors.go:47.39,52.2 1 1
github.com/kevin-vargas/galaxy/internal/controller/v1/response.go:14.51,20.2 1 1
github.com/kevin-vargas/galaxy/internal/controller/v1/response.go:22.53,25.2 2 1
github.com/kevin-vargas/galaxy/internal/controller/v1/response.go:27.57,30.2 2 1
github.com/kevin-vargas/galaxy/internal/controller/v1/response.go:32.38,33.36 1 1
github.com/kevin-vargas/galaxy/internal/controller/v1/response.go:36.2,37.10 2 1
github.com/kevin-vargas/galaxy/internal/controller/v1/response.go:33.36,35.3 1 1
github.com/kevin-vargas/galaxy/internal/controller/v1/response.go:40.53,42.16 2 1
github.com/kevin-vargas/galaxy/internal/controller/v1/response.go:45.2,45.10 1 1
github.com/kevin-vargas/galaxy/internal/controller/v1/response.go:42.16,43.13 1 0
github.com/kevin-vargas/galaxy/internal/controller/v1/response.go:48.57,50.16 2 1
github.com/kevin-vargas/galaxy/internal/controller/v1/response.go:53.2,55.22 1 1
github.com/kevin-vargas/galaxy/internal/controller/v1/response.go:50.16,51.13 1 0
github.com/kevin-vargas/galaxy/internal/controller/v1/response.go:58.53,62.2 1 0
github.com/kevin-vargas/galaxy/internal/controller/v1/response.go:64.80,69.2 2 1
github.com/kevin-vargas/galaxy/internal/controller/v1/router.go:10.110,11.64 1 0
github.com/kevin-vargas/galaxy/internal/controller/v1/router.go:15.2,15.39 1 0
github.com/kevin-vargas/galaxy/internal/controller/v1/router.go:11.64,13.3 1 0
github.com/kevin-vargas/galaxy/internal/controller/v1/topsecret.go:21.111,33.2 8 1
github.com/kevin-vargas/galaxy/internal/controller/v1/topsecret.go:35.85,39.16 4 1
github.com/kevin-vargas/galaxy/internal/controller/v1/topsecret.go:43.2,45.16 3 1
github.com/kevin-vargas/galaxy/internal/controller/v1/topsecret.go:50.2,55.5 1 1
github.com/kevin-vargas/galaxy/internal/controller/v1/topsecret.go:39.16,42.3 2 1
github.com/kevin-vargas/galaxy/internal/controller/v1/topsecret.go:45.16,48.3 2 0
github.com/kevin-vargas/galaxy/internal/controller/v1/topsecret.go:58.53,59.56 1 1
github.com/kevin-vargas/galaxy/internal/controller/v1/topsecret.go:59.56,62.53 2 1
github.com/kevin-vargas/galaxy/internal/controller/v1/topsecret.go:62.53,64.4 1 1
github.com/kevin-vargas/galaxy/internal/controller/v1/topsecret.go:68.82,73.39 4 1
github.com/kevin-vargas/galaxy/internal/controller/v1/topsecret.go:81.2,82.16 2 1
github.com/kevin-vargas/galaxy/internal/controller/v1/topsecret.go:91.2,91.13 1 1
github.com/kevin-vargas/galaxy/internal/controller/v1/topsecret.go:73.39,79.3 2 1
github.com/kevin-vargas/galaxy/internal/controller/v1/topsecret.go:82.16,89.3 2 1
github.com/kevin-vargas/galaxy/internal/controller/v1/topsecret.go:94.58,95.56 1 1
github.com/kevin-vargas/galaxy/internal/controller/v1/topsecret.go:95.56,99.47 3 0
github.com/kevin-vargas/galaxy/internal/controller/v1/topsecret.go:99.47,101.63 2 0
github.com/kevin-vargas/galaxy/internal/controller/v1/topsecret.go:101.63,102.49 1 0
github.com/kevin-vargas/galaxy/internal/controller/v1/topsecret.go:108.5,109.11 2 0
github.com/kevin-vargas/galaxy/internal/controller/v1/topsecret.go:102.49,105.6 2 0
github.com/kevin-vargas/galaxy/internal/controller/v1/topsecret.go:105.11,107.6 1 0
github.com/kevin-vargas/galaxy/internal/controller/v1/topsecret.go:115.61,116.56 1 1
github.com/kevin-vargas/galaxy/internal/controller/v1/topsecret.go:116.56,117.62 1 0
github.com/kevin-vargas/galaxy/internal/controller/v1/topsecret.go:117.62,118.48 1 0
github.com/kevin-vargas/galaxy/internal/controller/v1/topsecret.go:118.48,121.5 2 0
github.com/kevin-vargas/galaxy/internal/controller/v1/topsecret.go:126.65,131.16 5 1
github.com/kevin-vargas/galaxy/internal/controller/v1/topsecret.go:136.2,136.12 1 1
github.com/kevin-vargas/galaxy/internal/controller/v1/topsecret.go:131.16,132.36 1 1
github.com/kevin-vargas/galaxy/internal/controller/v1/topsecret.go:132.36,134.4 1 1
